-------------------------------------------------------------------------------
Test set: TestSuite
-------------------------------------------------------------------------------
Tests run: 1, Failures: 1, Errors: 0, Skipped: 0, Time elapsed: 43.322 sec <<< FAILURE! - in TestSuite
loginTest(sampleTest1.SampleTest1)  Time elapsed: 40.703 sec  <<< FAILURE!
java.lang.ArithmeticException: / by zero
	at sampleTest1.SampleTest1.loginTest(SampleTest1.java:30)

